<?xml version="1.0" encoding="UTF-8"?>
<!-- Generated by org.testng.reporters.JUnitReportReporter -->
<testsuite skipped="0" hostname="Veena" name="ITILUserTestcase" tests="1" failures="0" timestamp="20 May 2018 11:10:58 GMT" time="0.049" errors="0">
  <testcase name="CreateIncident" time="0.049" classname="ITILUserTestcase"/>
</testsuite> <!-- ITILUserTestcase -->
