<?xml version="1.0" encoding="UTF-8"?>
<!-- Generated by org.testng.reporters.JUnitReportReporter -->
<testsuite skipped="0" hostname="Veena" name="com.acktinos.tests.AdminBaseTest" tests="1" failures="0" timestamp="19 May 2018 02:18:28 GMT" time="85.559" errors="0">
  <testcase name="checkATU" time="85.559" classname="com.acktinos.tests.AdminBaseTest"/>
</testsuite> <!-- com.acktinos.tests.AdminBaseTest -->
